app/build/outputs/logs/manifest-merger-debug-report.txt
-- Merging decision tree log ---
manifest
ADDED from src\main\AndroidManifest.xml:2:1-67:12
INJECTED from src\main\AndroidManifest.xml:2:1-67:12
INJECTED from src\main\AndroidManifest.xml:2:1-67:12
INJECTED from src\main\AndroidManifest.xml:2:1-67:12
MERGED from [com.firebaseui:firebase-ui:0.6.2] AndroidManifest.xml:2:1-13:12
MERGED from [com.firebaseui:firebase-ui-database:0.6.2] AndroidManifest.xml:2:1-19:12
MERGED from [com.firebaseui:firebase-ui-storage:0.6.2] AndroidManifest.xml:2:1-11:12
MERGED from [com.firebaseui:firebase-ui-auth:0.6.2] AndroidManifest.xml:2:1-85:12
MERGED from [com.android.support:design:25.1.0] AndroidManifest.xml:17:1-27:12
MERGED from [com.android.support:appcompat-v7:25.1.0] AndroidManifest.xml:17:1-27:12
MERGED from [com.github.hani-momanii:SuperNova-Emoji:1.0] AndroidManifest.xml:2:1-10:12
MERGED from [com.google.firebase:firebase-core:9.6.1] AndroidManifest.xml:2:1-6:12
MERGED from [com.android.support.constraint:constraint-layout:1.0.2] AndroidManifest.xml:2:1-11:12
MERGED from [com.facebook.android:facebook-android-sdk:4.14.1] AndroidManifest.xml:21:1-39:12
MERGED from [com.android.support:customtabs:23.4.0] AndroidManifest.xml:17:1-24:12
MERGED from [com.android.support:transition:25.1.0] AndroidManifest.xml:17:1-24:12
MERGED from [com.google.firebase:firebase-analytics:9.6.1] AndroidManifest.xml:16:1-34:12
MERGED from [com.google.firebase:firebase-database:9.8.0] AndroidManifest.xml:2:1-4:12
MERGED from [com.google.firebase:firebase-auth:9.8.0] AndroidManifest.xml:16:1-21:12
MERGED from [com.google.android.gms:play-services-auth:9.8.0] AndroidManifest.xml:16:1-26:12
MERGED from [com.google.firebase:firebase-storage:9.8.0] AndroidManifest.xml:2:1-4:12
MERGED from [com.google.firebase:firebase-analytics-impl:9.6.1] AndroidManifest.xml:16:1-29:12
MERGED from [com.google.firebase:firebase-database-connection:9.8.0] AndroidManifest.xml:2:1-4:12
MERGED from [com.google.firebase:firebase-auth-common:9.8.0] AndroidManifest.xml:16:1-21:12
MERGED from [com.google.firebase:firebase-auth-module:9.8.0] AndroidManifest.xml:2:1-5:12
MERGED from [com.google.android.gms:play-services-auth-base:9.8.0] AndroidManifest.xml:2:1-5:12
MERGED from [com.google.android.gms:play-services-base:9.8.0] AndroidManifest.xml:16:1-21:12
MERGED from [com.google.firebase:firebase-iid:9.6.1] AndroidManifest.xml:16:1-51:12
MERGED from [com.google.firebase:firebase-common:9.8.0] AndroidManifest.xml:2:1-8:12
MERGED from [com.google.android.gms:play-services-tasks:9.8.0] AndroidManifest.xml:2:1-5:12
MERGED from [com.google.firebase:firebase-storage-common:9.8.0] AndroidManifest.xml:2:1-4:12
MERGED from [com.google.android.gms:play-services-basement:9.8.0] AndroidManifest.xml:16:1-23:12
MERGED from [com.android.support:support-v4:25.1.0] AndroidManifest.xml:17:1-27:12
MERGED from [com.android.support:animated-vector-drawable:25.1.0] AndroidManifest.xml:17:1-24:12
MERGED from [com.android.support:support-vector-drawable:25.1.0] AndroidManifest.xml:17:1-25:12
MERGED from [com.android.support:palette-v7:25.0.0] AndroidManifest.xml:17:1-25:12
MERGED from [com.android.support:recyclerview-v7:25.1.0] AndroidManifest.xml:17:1-22:12
MERGED from [com.android.support:support-fragment:25.1.0] AndroidManifest.xml:17:1-27:12
MERGED from [com.android.support:support-core-utils:25.1.0] AndroidManifest.xml:17:1-27:12
MERGED from [com.android.support:support-core-ui:25.1.0] AndroidManifest.xml:17:1-27:12
MERGED from [com.android.support:support-media-compat:25.1.0] AndroidManifest.xml:17:1-27:12
MERGED from [com.android.support:support-compat:25.1.0] AndroidManifest.xml:17:1-27:12
MERGED from [com.android.support:cardview-v7:23.4.0] AndroidManifest.xml:17:1-24:12
INJECTED from src\main\AndroidManifest.xml:2:1-67:12
INJECTED from src\main\AndroidManifest.xml:2:1-67:12
INJECTED from src\main\AndroidManifest.xml:2:1-67:12
	package
		ADDED from src\main\AndroidManifest.xml:4:5-34
		INJECTED from src\main\AndroidManifest.xml
		INJECTED from src\main\AndroidManifest.xml
	android:versionName
		ADDED from src\main\AndroidManifest.xml:6:5-32
		INJECTED from src\main\AndroidManifest.xml
		INJECTED from src\main\AndroidManifest.xml
	xmlns:tools
		ADDED from src\main\AndroidManifest.xml:3:5-51
	xmlns:android
		ADDED from src\main\AndroidManifest.xml:2:11-69
	tools:ignore
		ADDED from src\main\AndroidManifest.xml:7:5-35
	android:versionCode
		ADDED from src\main\AndroidManifest.xml:5:5-29
		INJECTED from src\main\AndroidManifest.xml
		INJECTED from src\main\AndroidManifest.xml
uses-permission#android.permission.READ_EXTERNAL_STORAGE
ADDED from src\main\AndroidManifest.xml:9:5-80
	android:name
		ADDED from src\main\AndroidManifest.xml:9:22-77
uses-feature#0x00020000
ADDED from src\main\AndroidManifest.xml:11:5-13:35
	android:glEsVersion
		ADDED from src\main\AndroidManifest.xml:12:9-41
	android:required
		ADDED from src\main\AndroidManifest.xml:13:9-32
application
ADDED from src\main\AndroidManifest.xml:15:5-65:19
MERGED from [com.firebaseui:firebase-ui-database:0.6.2] AndroidManifest.xml:13:5-17:19
MERGED from [com.firebaseui:firebase-ui-database:0.6.2] AndroidManifest.xml:13:5-17:19
MERGED from [com.firebaseui:firebase-ui-auth:0.6.2] AndroidManifest.xml:12:5-83:19
MERGED from [com.firebaseui:firebase-ui-auth:0.6.2] AndroidManifest.xml:12:5-83:19
MERGED from [com.android.support:design:25.1.0] AndroidManifest.xml:25:5-20
MERGED from [com.android.support:design:25.1.0] AndroidManifest.xml:25:5-20
MERGED from [com.android.support:appcompat-v7:25.1.0] AndroidManifest.xml:25:5-20
MERGED from [com.android.support:appcompat-v7:25.1.0] AndroidManifest.xml:25:5-20
MERGED from [com.google.firebase:firebase-core:9.6.1] AndroidManifest.xml:5:5-20
MERGED from [com.google.firebase:firebase-core:9.6.1] AndroidManifest.xml:5:5-20
MERGED from [com.android.support.constraint:constraint-layout:1.0.2] AndroidManifest.xml:9:5-20
MERGED from [com.android.support.constraint:constraint-layout:1.0.2] AndroidManifest.xml:9:5-20
MERGED from [com.facebook.android:facebook-android-sdk:4.14.1] AndroidManifest.xml:28:5-37:19
MERGED from [com.facebook.android:facebook-android-sdk:4.14.1] AndroidManifest.xml:28:5-37:19
MERGED from [com.android.support:customtabs:23.4.0] AndroidManifest.xml:22:5-20
MERGED from [com.android.support:customtabs:23.4.0] AndroidManifest.xml:22:5-20
MERGED from [com.android.support:transition:25.1.0] AndroidManifest.xml:22:5-20
MERGED from [com.android.support:transition:25.1.0] AndroidManifest.xml:22:5-20
MERGED from [com.google.firebase:firebase-analytics:9.6.1] AndroidManifest.xml:24:5-33:19
MERGED from [com.google.firebase:firebase-analytics:9.6.1] AndroidManifest.xml:24:5-33:19
MERGED from [com.google.firebase:firebase-auth:9.8.0] AndroidManifest.xml:19:5-20:19
MERGED from [com.google.firebase:firebase-auth:9.8.0] AndroidManifest.xml:19:5-20:19
MERGED from [com.google.android.gms:play-services-auth:9.8.0] AndroidManifest.xml:19:5-25:19
MERGED from [com.google.android.gms:play-services-auth:9.8.0] AndroidManifest.xml:19:5-25:19
MERGED from [com.google.firebase:firebase-analytics-impl:9.6.1] AndroidManifest.xml:24:5-28:19
MERGED from [com.google.firebase:firebase-analytics-impl:9.6.1] AndroidManifest.xml:24:5-28:19
MERGED from [com.google.firebase:firebase-auth-common:9.8.0] AndroidManifest.xml:19:5-20:19
MERGED from [com.google.firebase:firebase-auth-common:9.8.0] AndroidManifest.xml:19:5-20:19
MERGED from [com.google.android.gms:play-services-base:9.8.0] AndroidManifest.xml:18:5-20:19
MERGED from [com.google.android.gms:play-services-base:9.8.0] AndroidManifest.xml:18:5-20:19
MERGED from [com.google.firebase:firebase-iid:9.6.1] AndroidManifest.xml:28:5-50:19
MERGED from [com.google.firebase:firebase-iid:9.6.1] AndroidManifest.xml:28:5-50:19
MERGED from [com.google.firebase:firebase-common:9.8.0] AndroidManifest.xml:4:5-7:19
MERGED from [com.google.firebase:firebase-common:9.8.0] AndroidManifest.xml:4:5-7:19
MERGED from [com.google.android.gms:play-services-tasks:9.8.0] AndroidManifest.xml:4:5-19
MERGED from [com.google.android.gms:play-services-tasks:9.8.0] AndroidManifest.xml:4:5-19
MERGED from [com.google.android.gms:play-services-basement:9.8.0] AndroidManifest.xml:19:5-21:19
MERGED from [com.google.android.gms:play-services-basement:9.8.0] AndroidManifest.xml:19:5-21:19
MERGED from [com.android.support:support-v4:25.1.0] AndroidManifest.xml:25:5-20
MERGED from [com.android.support:support-v4:25.1.0] AndroidManifest.xml:25:5-20
MERGED from [com.android.support:animated-vector-drawable:25.1.0] AndroidManifest.xml:22:5-20
MERGED from [com.android.support:animated-vector-drawable:25.1.0] AndroidManifest.xml:22:5-20
MERGED from [com.android.support:support-vector-drawable:25.1.0] AndroidManifest.xml:23:5-20
MERGED from [com.android.support:support-vector-drawable:25.1.0] AndroidManifest.xml:23:5-20
MERGED from [com.android.support:palette-v7:25.0.0] AndroidManifest.xml:22:5-23:19
MERGED from [com.android.support:palette-v7:25.0.0] AndroidManifest.xml:22:5-23:19
MERGED from [com.android.support:support-fragment:25.1.0] AndroidManifest.xml:25:5-20
MERGED from [com.android.support:support-fragment:25.1.0] AndroidManifest.xml:25:5-20
MERGED from [com.android.support:support-core-utils:25.1.0] AndroidManifest.xml:25:5-20
MERGED from [com.android.support:support-core-utils:25.1.0] AndroidManifest.xml:25:5-20
MERGED from [com.android.support:support-core-ui:25.1.0] AndroidManifest.xml:25:5-20
MERGED from [com.android.support:support-core-ui:25.1.0] AndroidManifest.xml:25:5-20
MERGED from [com.android.support:support-media-compat:25.1.0] AndroidManifest.xml:25:5-20
MERGED from [com.android.support:support-media-compat:25.1.0] AndroidManifest.xml:25:5-20
MERGED from [com.android.support:support-compat:25.1.0] AndroidManifest.xml:25:5-20
MERGED from [com.android.support:support-compat:25.1.0] AndroidManifest.xml:25:5-20
MERGED from [com.android.support:cardview-v7:23.4.0] AndroidManifest.xml:22:5-20
MERGED from [com.android.support:cardview-v7:23.4.0] AndroidManifest.xml:22:5-20
	android:label
		ADDED from src\main\AndroidManifest.xml:18:9-41
	android:icon
		ADDED from src\main\AndroidManifest.xml:17:9-45
	android:allowBackup
		ADDED from src\main\AndroidManifest.xml:16:9-35
	android:theme
		ADDED from src\main\AndroidManifest.xml:19:9-40
activity#org.orego.app.face3dActivity.model3D.view.DemoActivity
ADDED from src\main\AndroidManifest.xml:21:9-26:20
	android:screenOrientation
		ADDED from src\main\AndroidManifest.xml:22:13-49
	android:label
		ADDED from src\main\AndroidManifest.xml:24:13-56
	tools:targetApi
		ADDED from src\main\AndroidManifest.xml:25:13-41
	android:name
		ADDED from src\main\AndroidManifest.xml:23:13-82
activity#org.orego.app.face3dActivity.model3D.view.ModelActivity
ADDED from src\main\AndroidManifest.xml:27:9-35:20
	android:screenOrientation
		ADDED from src\main\AndroidManifest.xml:28:13-49
	android:label
		ADDED from src\main\AndroidManifest.xml:30:13-57
	tools:targetApi
		ADDED from src\main\AndroidManifest.xml:32:13-41
	android:name
		ADDED from src\main\AndroidManifest.xml:29:13-83
activity#org.orego.app.MainPage
ADDED from src\main\AndroidManifest.xml:36:9-46:20
	android:screenOrientation
		ADDED from src\main\AndroidManifest.xml:37:13-49
	android:label
		ADDED from src\main\AndroidManifest.xml:39:13-61
	android:theme
		ADDED from src\main\AndroidManifest.xml:40:13-56
	android:name
		ADDED from src\main\AndroidManifest.xml:38:13-50
intent-filter#android.intent.action.MAIN+android.intent.category.LAUNCHER
ADDED from src\main\AndroidManifest.xml:41:13-45:29
action#android.intent.action.MAIN
ADDED from src\main\AndroidManifest.xml:42:17-69
	android:name
		ADDED from src\main\AndroidManifest.xml:42:25-66
category#android.intent.category.LAUNCHER
ADDED from src\main\AndroidManifest.xml:44:17-77
	android:name
		ADDED from src\main\AndroidManifest.xml:44:27-74
activity#org.orego.app.homeActivity.Home
ADDED from src\main\AndroidManifest.xml:47:3-52:20
	android:screenOrientation
		ADDED from src\main\AndroidManifest.xml:48:13-49
	android:label
		ADDED from src\main\AndroidManifest.xml:50:13-41
	android:theme
		ADDED from src\main\AndroidManifest.xml:51:13-56
	android:name
		ADDED from src\main\AndroidManifest.xml:49:13-59
activity#org.orego.app.takePictureActivity.TakePicture
ADDED from src\main\AndroidManifest.xml:53:9-57:59
	android:screenOrientation
		ADDED from src\main\AndroidManifest.xml:54:13-49
	android:label
		ADDED from src\main\AndroidManifest.xml:56:13-48
	android:theme
		ADDED from src\main\AndroidManifest.xml:57:13-56
	android:name
		ADDED from src\main\AndroidManifest.xml:55:13-73
activity#org.orego.app.chatActivity.WriteToTheMaster
ADDED from src\main\AndroidManifest.xml:58:9-64:20
	android:screenOrientation
		ADDED from src\main\AndroidManifest.xml:59:13-49
	android:label
		ADDED from src\main\AndroidManifest.xml:61:13-53
	android:theme
		ADDED from src\main\AndroidManifest.xml:62:13-56
	android:name
		ADDED from src\main\AndroidManifest.xml:60:13-71
uses-sdk
INJECTED from src\main\AndroidManifest.xml reason: use-sdk injection requested
INJECTED from src\main\AndroidManifest.xml
INJECTED from src\main\AndroidManifest.xml
MERGED from [com.firebaseui:firebase-ui:0.6.2] AndroidManifest.xml:7:5-9:41
MERGED from [com.firebaseui:firebase-ui:0.6.2] AndroidManifest.xml:7:5-9:41
MERGED from [com.firebaseui:firebase-ui-database:0.6.2] AndroidManifest.xml:7:5-9:41
MERGED from [com.firebaseui:firebase-ui-database:0.6.2] AndroidManifest.xml:7:5-9:41
MERGED from [com.firebaseui:firebase-ui-storage:0.6.2] AndroidManifest.xml:7:5-9:41
MERGED from [com.firebaseui:firebase-ui-storage:0.6.2] AndroidManifest.xml:7:5-9:41
MERGED from [com.firebaseui:firebase-ui-auth:0.6.2] AndroidManifest.xml:8:5-10:41
MERGED from [com.firebaseui:firebase-ui-auth:0.6.2] AndroidManifest.xml:8:5-10:41
MERGED from [com.android.support:design:25.1.0] AndroidManifest.xml:21:5-23:62
MERGED from [com.android.support:design:25.1.0] AndroidManifest.xml:21:5-23:62
MERGED from [com.android.support:appcompat-v7:25.1.0] AndroidManifest.xml:21:5-23:78
MERGED from [com.android.support:appcompat-v7:25.1.0] AndroidManifest.xml:21:5-23:78
MERGED from [com.github.hani-momanii:SuperNova-Emoji:1.0] AndroidManifest.xml:6:5-8:41
MERGED from [com.github.hani-momanii:SuperNova-Emoji:1.0] AndroidManifest.xml:6:5-8:41
MERGED from [com.google.firebase:firebase-core:9.6.1] AndroidManifest.xml:4:5-42
MERGED from [com.google.firebase:firebase-core:9.6.1] AndroidManifest.xml:4:5-42
MERGED from [com.android.support.constraint:constraint-layout:1.0.2] AndroidManifest.xml:5:5-7:41
MERGED from [com.android.support.constraint:constraint-layout:1.0.2] AndroidManifest.xml:5:5-7:41
MERGED from [com.facebook.android:facebook-android-sdk:4.14.1] AndroidManifest.xml:24:5-26:41
MERGED from [com.facebook.android:facebook-android-sdk:4.14.1] AndroidManifest.xml:24:5-26:41
MERGED from [com.android.support:customtabs:23.4.0] AndroidManifest.xml:20:5-44
MERGED from [com.android.support:customtabs:23.4.0] AndroidManifest.xml:20:5-44
MERGED from [com.android.support:transition:25.1.0] AndroidManifest.xml:20:5-44
MERGED from [com.android.support:transition:25.1.0] AndroidManifest.xml:20:5-44
MERGED from [com.google.firebase:firebase-analytics:9.6.1] AndroidManifest.xml:17:5-42
MERGED from [com.google.firebase:firebase-analytics:9.6.1] AndroidManifest.xml:17:5-42
MERGED from [com.google.firebase:firebase-database:9.8.0] AndroidManifest.xml:3:5-42
MERGED from [com.google.firebase:firebase-database:9.8.0] AndroidManifest.xml:3:5-42
MERGED from [com.google.firebase:firebase-auth:9.8.0] AndroidManifest.xml:17:5-42
MERGED from [com.google.firebase:firebase-auth:9.8.0] AndroidManifest.xml:17:5-42
MERGED from [com.google.android.gms:play-services-auth:9.8.0] AndroidManifest.xml:17:5-42
MERGED from [com.google.android.gms:play-services-auth:9.8.0] AndroidManifest.xml:17:5-42
MERGED from [com.google.firebase:firebase-storage:9.8.0] AndroidManifest.xml:3:5-42
MERGED from [com.google.firebase:firebase-storage:9.8.0] AndroidManifest.xml:3:5-42
MERGED from [com.google.firebase:firebase-analytics-impl:9.6.1] AndroidManifest.xml:17:5-42
MERGED from [com.google.firebase:firebase-analytics-impl:9.6.1] AndroidManifest.xml:17:5-42
MERGED from [com.google.firebase:firebase-database-connection:9.8.0] AndroidManifest.xml:3:5-42
MERGED from [com.google.firebase:firebase-database-connection:9.8.0] AndroidManifest.xml:3:5-42
MERGED from [com.google.firebase:firebase-auth-common:9.8.0] AndroidManifest.xml:17:5-42
MERGED from [com.google.firebase:firebase-auth-common:9.8.0] AndroidManifest.xml:17:5-42
MERGED from [com.google.firebase:firebase-auth-module:9.8.0] AndroidManifest.xml:3:5-42
MERGED from [com.google.firebase:firebase-auth-module:9.8.0] AndroidManifest.xml:3:5-42
MERGED from [com.google.android.gms:play-services-auth-base:9.8.0] AndroidManifest.xml:4:5-42
MERGED from [com.google.android.gms:play-services-auth-base:9.8.0] AndroidManifest.xml:4:5-42
MERGED from [com.google.android.gms:play-services-base:9.8.0] AndroidManifest.xml:17:5-42
MERGED from [com.google.android.gms:play-services-base:9.8.0] AndroidManifest.xml:17:5-42
MERGED from [com.google.firebase:firebase-iid:9.6.1] AndroidManifest.xml:17:5-42
MERGED from [com.google.firebase:firebase-iid:9.6.1] AndroidManifest.xml:17:5-42
MERGED from [com.google.firebase:firebase-common:9.8.0] AndroidManifest.xml:3:5-42
MERGED from [com.google.firebase:firebase-common:9.8.0] AndroidManifest.xml:3:5-42
MERGED from [com.google.android.gms:play-services-tasks:9.8.0] AndroidManifest.xml:3:5-42
MERGED from [com.google.android.gms:play-services-tasks:9.8.0] AndroidManifest.xml:3:5-42
MERGED from [com.google.firebase:firebase-storage-common:9.8.0] AndroidManifest.xml:3:5-42
MERGED from [com.google.firebase:firebase-storage-common:9.8.0] AndroidManifest.xml:3:5-42
MERGED from [com.google.android.gms:play-services-basement:9.8.0] AndroidManifest.xml:17:5-42
MERGED from [com.google.android.gms:play-services-basement:9.8.0] AndroidManifest.xml:17:5-42
MERGED from [com.android.support:support-v4:25.1.0] AndroidManifest.xml:21:5-23:54
MERGED from [com.android.support:support-v4:25.1.0] AndroidManifest.xml:21:5-23:54
MERGED from [com.android.support:animated-vector-drawable:25.1.0] AndroidManifest.xml:20:5-44
MERGED from [com.android.support:animated-vector-drawable:25.1.0] AndroidManifest.xml:20:5-44
MERGED from [com.android.support:support-vector-drawable:25.1.0] AndroidManifest.xml:21:5-43
MERGED from [com.android.support:support-vector-drawable:25.1.0] AndroidManifest.xml:21:5-43
MERGED from [com.android.support:palette-v7:25.0.0] AndroidManifest.xml:20:5-43
MERGED from [com.android.support:palette-v7:25.0.0] AndroidManifest.xml:20:5-43
MERGED from [com.android.support:recyclerview-v7:25.1.0] AndroidManifest.xml:20:5-43
MERGED from [com.android.support:recyclerview-v7:25.1.0] AndroidManifest.xml:20:5-43
MERGED from [com.android.support:support-fragment:25.1.0] AndroidManifest.xml:21:5-23:60
MERGED from [com.android.support:support-fragment:25.1.0] AndroidManifest.xml:21:5-23:60
MERGED from [com.android.support:support-core-utils:25.1.0] AndroidManifest.xml:21:5-23:61
MERGED from [com.android.support:support-core-utils:25.1.0] AndroidManifest.xml:21:5-23:61
MERGED from [com.android.support:support-core-ui:25.1.0] AndroidManifest.xml:21:5-23:58
MERGED from [com.android.support:support-core-ui:25.1.0] AndroidManifest.xml:21:5-23:58
MERGED from [com.android.support:support-media-compat:25.1.0] AndroidManifest.xml:21:5-23:63
MERGED from [com.android.support:support-media-compat:25.1.0] AndroidManifest.xml:21:5-23:63
MERGED from [com.android.support:support-compat:25.1.0] AndroidManifest.xml:21:5-23:58
MERGED from [com.android.support:support-compat:25.1.0] AndroidManifest.xml:21:5-23:58
MERGED from [com.android.support:cardview-v7:23.4.0] AndroidManifest.xml:20:5-43
MERGED from [com.android.support:cardview-v7:23.4.0] AndroidManifest.xml:20:5-43
INJECTED from src\main\AndroidManifest.xml
INJECTED from src\main\AndroidManifest.xml
	tools:overrideLibrary
		ADDED from [com.android.support:design:25.1.0] AndroidManifest.xml:23:9-59
	android:targetSdkVersion
		INJECTED from src\main\AndroidManifest.xml
		ADDED from src\main\AndroidManifest.xml
		INJECTED from src\main\AndroidManifest.xml
	android:minSdkVersion
		INJECTED from src\main\AndroidManifest.xml
		ADDED from src\main\AndroidManifest.xml
		INJECTED from src\main\AndroidManifest.xml
uses-permission#android.permission.INTERNET
ADDED from [com.firebaseui:firebase-ui:0.6.2] AndroidManifest.xml:11:5-67
MERGED from [com.firebaseui:firebase-ui-database:0.6.2] AndroidManifest.xml:11:5-67
MERGED from [com.firebaseui:firebase-ui-database:0.6.2] AndroidManifest.xml:11:5-67
MERGED from [com.google.firebase:firebase-analytics:9.6.1] AndroidManifest.xml:20:5-66
MERGED from [com.google.firebase:firebase-analytics:9.6.1] AndroidManifest.xml:20:5-66
MERGED from [com.google.firebase:firebase-analytics-impl:9.6.1] AndroidManifest.xml:20:5-66
MERGED from [com.google.firebase:firebase-analytics-impl:9.6.1] AndroidManifest.xml:20:5-66
MERGED from [com.google.firebase:firebase-iid:9.6.1] AndroidManifest.xml:20:5-66
MERGED from [com.google.firebase:firebase-iid:9.6.1] AndroidManifest.xml:20:5-66
	android:name
		ADDED from [com.firebaseui:firebase-ui:0.6.2] AndroidManifest.xml:11:22-64
meta-data#com.google.android.gms.version
ADDED from [com.firebaseui:firebase-ui-database:0.6.2] AndroidManifest.xml:14:9-16:69
MERGED from [com.firebaseui:firebase-ui-auth:0.6.2] AndroidManifest.xml:13:9-15:69
MERGED from [com.firebaseui:firebase-ui-auth:0.6.2] AndroidManifest.xml:13:9-15:69
MERGED from [com.google.android.gms:play-services-basement:9.8.0] AndroidManifest.xml:20:9-121
MERGED from [com.google.android.gms:play-services-basement:9.8.0] AndroidManifest.xml:20:9-121
	android:value
		ADDED from [com.firebaseui:firebase-ui-database:0.6.2] AndroidManifest.xml:16:13-66
	android:name
		ADDED from [com.firebaseui:firebase-ui-database:0.6.2] AndroidManifest.xml:15:13-58
activity#com.firebase.ui.auth.ui.email.ConfirmRecoverPasswordActivity
ADDED from [com.firebaseui:firebase-ui-auth:0.6.2] AndroidManifest.xml:17:9-20:56
	android:label
		ADDED from [com.firebaseui:firebase-ui-auth:0.6.2] AndroidManifest.xml:19:13-76
	android:theme
		ADDED from [com.firebaseui:firebase-ui-auth:0.6.2] AndroidManifest.xml:20:13-53
	android:name
		ADDED from [com.firebaseui:firebase-ui-auth:0.6.2] AndroidManifest.xml:18:13-88
activity#com.firebase.ui.auth.ui.email.EmailHintContainerActivity
ADDED from [com.firebaseui:firebase-ui-auth:0.6.2] AndroidManifest.xml:21:9-24:61
	android:label
		ADDED from [com.firebaseui:firebase-ui-auth:0.6.2] AndroidManifest.xml:23:13-58
	android:theme
		ADDED from [com.firebaseui:firebase-ui-auth:0.6.2] AndroidManifest.xml:24:13-58
	android:name
		ADDED from [com.firebaseui:firebase-ui-auth:0.6.2] AndroidManifest.xml:22:13-84
activity#com.firebase.ui.auth.ui.email.RecoverPasswordActivity
ADDED from [com.firebaseui:firebase-ui-auth:0.6.2] AndroidManifest.xml:25:9-28:49
	android:label
		ADDED from [com.firebaseui:firebase-ui-auth:0.6.2] AndroidManifest.xml:27:13-68
	android:theme
		ADDED from [com.firebaseui:firebase-ui-auth:0.6.2] AndroidManifest.xml:28:13-46
	android:name
		ADDED from [com.firebaseui:firebase-ui-auth:0.6.2] AndroidManifest.xml:26:13-81
activity#com.firebase.ui.auth.ui.email.RegisterEmailActivity
ADDED from [com.firebaseui:firebase-ui-auth:0.6.2] AndroidManifest.xml:29:9-32:49
	android:label
		ADDED from [com.firebaseui:firebase-ui-auth:0.6.2] AndroidManifest.xml:31:13-66
	android:theme
		ADDED from [com.firebaseui:firebase-ui-auth:0.6.2] AndroidManifest.xml:32:13-46
	android:name
		ADDED from [com.firebaseui:firebase-ui-auth:0.6.2] AndroidManifest.xml:30:13-79
activity#com.firebase.ui.auth.ui.email.SignInNoPasswordActivity
ADDED from [com.firebaseui:firebase-ui-auth:0.6.2] AndroidManifest.xml:33:9-36:49
	android:label
		ADDED from [com.firebaseui:firebase-ui-auth:0.6.2] AndroidManifest.xml:35:13-71
	android:theme
		ADDED from [com.firebaseui:firebase-ui-auth:0.6.2] AndroidManifest.xml:36:13-46
	android:name
		ADDED from [com.firebaseui:firebase-ui-auth:0.6.2] AndroidManifest.xml:34:13-82
activity#com.firebase.ui.auth.ui.email.SignInActivity
ADDED from [com.firebaseui:firebase-ui-auth:0.6.2] AndroidManifest.xml:37:9-40:49
	android:label
		ADDED from [com.firebaseui:firebase-ui-auth:0.6.2] AndroidManifest.xml:39:13-59
	android:theme
		ADDED from [com.firebaseui:firebase-ui-auth:0.6.2] AndroidManifest.xml:40:13-46
	android:name
		ADDED from [com.firebaseui:firebase-ui-auth:0.6.2] AndroidManifest.xml:38:13-72
activity#com.firebase.ui.auth.ui.account_link.SaveCredentialsActivity
ADDED from [com.firebaseui:firebase-ui-auth:0.6.2] AndroidManifest.xml:41:9-44:61
	android:label
		ADDED from [com.firebaseui:firebase-ui-auth:0.6.2] AndroidManifest.xml:43:13-58
	android:theme
		ADDED from [com.firebaseui:firebase-ui-auth:0.6.2] AndroidManifest.xml:44:13-58
	android:name
		ADDED from [com.firebaseui:firebase-ui-auth:0.6.2] AndroidManifest.xml:42:13-88
activity#com.firebase.ui.auth.ui.account_link.WelcomeBackIDPPrompt
ADDED from [com.firebaseui:firebase-ui-auth:0.6.2] AndroidManifest.xml:45:9-48:49
	android:label
		ADDED from [com.firebaseui:firebase-ui-auth:0.6.2] AndroidManifest.xml:47:13-66
	android:theme
		ADDED from [com.firebaseui:firebase-ui-auth:0.6.2] AndroidManifest.xml:48:13-46
	android:name
		ADDED from [com.firebaseui:firebase-ui-auth:0.6.2] AndroidManifest.xml:46:13-85
activity#com.firebase.ui.auth.ui.account_link.WelcomeBackPasswordPrompt
ADDED from [com.firebaseui:firebase-ui-auth:0.6.2] AndroidManifest.xml:49:9-52:49
	android:label
		ADDED from [com.firebaseui:firebase-ui-auth:0.6.2] AndroidManifest.xml:51:13-71
	android:theme
		ADDED from [com.firebaseui:firebase-ui-auth:0.6.2] AndroidManifest.xml:52:13-46
	android:name
		ADDED from [com.firebaseui:firebase-ui-auth:0.6.2] AndroidManifest.xml:50:13-90
activity#com.firebase.ui.auth.ui.idp.AuthMethodPickerActivity
ADDED from [com.firebaseui:firebase-ui-auth:0.6.2] AndroidManifest.xml:53:9-56:49
	android:label
		ADDED from [com.firebaseui:firebase-ui-auth:0.6.2] AndroidManifest.xml:55:13-58
	android:theme
		ADDED from [com.firebaseui:firebase-ui-auth:0.6.2] AndroidManifest.xml:56:13-46
	android:name
		ADDED from [com.firebaseui:firebase-ui-auth:0.6.2] AndroidManifest.xml:54:13-80
activity#com.firebase.ui.auth.ui.idp.IDPSignInContainerActivity
ADDED from [com.firebaseui:firebase-ui-auth:0.6.2] AndroidManifest.xml:57:9-60:61
	android:label
		ADDED from [com.firebaseui:firebase-ui-auth:0.6.2] AndroidManifest.xml:59:13-58
	android:theme
		ADDED from [com.firebaseui:firebase-ui-auth:0.6.2] AndroidManifest.xml:60:13-58
	android:name
		ADDED from [com.firebaseui:firebase-ui-auth:0.6.2] AndroidManifest.xml:58:13-82
activity#com.firebase.ui.auth.ui.ChooseAccountActivity
ADDED from [com.firebaseui:firebase-ui-auth:0.6.2] AndroidManifest.xml:61:9-64:61
	android:label
		ADDED from [com.firebaseui:firebase-ui-auth:0.6.2] AndroidManifest.xml:63:13-58
	android:theme
		ADDED from [com.firebaseui:firebase-ui-auth:0.6.2] AndroidManifest.xml:64:13-58
	android:name
		ADDED from [com.firebaseui:firebase-ui-auth:0.6.2] AndroidManifest.xml:62:13-73
activity#com.facebook.FacebookActivity
ADDED from [com.firebaseui:firebase-ui-auth:0.6.2] AndroidManifest.xml:65:9-70:45
MERGED from [com.facebook.android:facebook-android-sdk:4.14.1] AndroidManifest.xml:29:9-32:75
MERGED from [com.facebook.android:facebook-android-sdk:4.14.1] AndroidManifest.xml:29:9-32:75
	android:label
		ADDED from [com.firebaseui:firebase-ui-auth:0.6.2] AndroidManifest.xml:68:13-45
	android:configChanges
		ADDED from [com.firebaseui:firebase-ui-auth:0.6.2] AndroidManifest.xml:67:13-96
	android:theme
		ADDED from [com.firebaseui:firebase-ui-auth:0.6.2] AndroidManifest.xml:69:13-58
		REJECTED from [com.facebook.android:facebook-android-sdk:4.14.1] AndroidManifest.xml:32:13-72
	tools:replace
		ADDED from [com.firebaseui:firebase-ui-auth:0.6.2] AndroidManifest.xml:70:13-42
	android:name
		ADDED from [com.firebaseui:firebase-ui-auth:0.6.2] AndroidManifest.xml:66:13-57
activity#com.facebook.CustomTabActivity
ADDED from [com.firebaseui:firebase-ui-auth:0.6.2] AndroidManifest.xml:71:9-82:20
MERGED from [com.facebook.android:facebook-android-sdk:4.14.1] AndroidManifest.xml:33:9-36:20
MERGED from [com.facebook.android:facebook-android-sdk:4.14.1] AndroidManifest.xml:33:9-36:20
	android:exported
		ADDED from [com.firebaseui:firebase-ui-auth:0.6.2] AndroidManifest.xml:73:13-36
	android:name
		ADDED from [com.firebaseui:firebase-ui-auth:0.6.2] AndroidManifest.xml:72:13-58
intent-filter#android.intent.action.VIEW+android.intent.category.BROWSABLE+android.intent.category.DEFAULT
ADDED from [com.firebaseui:firebase-ui-auth:0.6.2] AndroidManifest.xml:74:13-81:29
action#android.intent.action.VIEW
ADDED from [com.firebaseui:firebase-ui-auth:0.6.2] AndroidManifest.xml:75:17-69
	android:name
		ADDED from [com.firebaseui:firebase-ui-auth:0.6.2] AndroidManifest.xml:75:25-66
category#android.intent.category.DEFAULT
ADDED from [com.firebaseui:firebase-ui-auth:0.6.2] AndroidManifest.xml:77:17-76
	android:name
		ADDED from [com.firebaseui:firebase-ui-auth:0.6.2] AndroidManifest.xml:77:27-73
category#android.intent.category.BROWSABLE
ADDED from [com.firebaseui:firebase-ui-auth:0.6.2] AndroidManifest.xml:78:17-78
	android:name
		ADDED from [com.firebaseui:firebase-ui-auth:0.6.2] AndroidManifest.xml:78:27-75
data
ADDED from [com.firebaseui:firebase-ui-auth:0.6.2] AndroidManifest.xml:80:17-81
	android:scheme
		ADDED from [com.firebaseui:firebase-ui-auth:0.6.2] AndroidManifest.xml:80:23-78
uses-permission#android.permission.ACCESS_NETWORK_STATE
ADDED from [com.google.firebase:firebase-analytics:9.6.1] AndroidManifest.xml:21:5-78
MERGED from [com.google.firebase:firebase-analytics-impl:9.6.1] AndroidManifest.xml:21:5-78